  Building Custom Rule D:/OxfordSolver/osqp/lin_sys/direct/qdldl/CMakeLists.txt
  amd_1.c
  amd_2.c
D:\OxfordSolver\osqp\lin_sys\direct\qdldl\amd\src\amd_2.c(1525,10): warning C4244: '=': conversion from '__int64' to 'c_float', possible loss of data
D:\OxfordSolver\osqp\lin_sys\direct\qdldl\amd\src\amd_2.c(1526,16): warning C4244: '=': conversion from '__int64' to 'c_float', possible loss of data
D:\OxfordSolver\osqp\lin_sys\direct\qdldl\amd\src\amd_2.c(1563,6): warning C4244: '=': conversion from '__int64' to 'c_float', possible loss of data
D:\OxfordSolver\osqp\lin_sys\direct\qdldl\amd\src\amd_2.c(1593,22): warning C4244: '=': conversion from '__int64' to 'c_float', possible loss of data
D:\OxfordSolver\osqp\lin_sys\direct\qdldl\amd\src\amd_2.c(1599,21): warning C4244: '=': conversion from '__int64' to 'c_float', possible loss of data
  amd_aat.c
D:\OxfordSolver\osqp\lin_sys\direct\qdldl\amd\src\amd_aat.c(176,17): warning C4244: '=': conversion from '__int64' to 'c_float', possible loss of data
D:\OxfordSolver\osqp\lin_sys\direct\qdldl\amd\src\amd_aat.c(177,18): warning C4244: '=': conversion from '__int64' to 'c_float', possible loss of data
D:\OxfordSolver\osqp\lin_sys\direct\qdldl\amd\src\amd_aat.c(179,22): warning C4244: '=': conversion from '__int64' to 'c_float', possible loss of data
D:\OxfordSolver\osqp\lin_sys\direct\qdldl\amd\src\amd_aat.c(180,28): warning C4244: '=': conversion from 'size_t' to 'c_float', possible loss of data
  amd_control.c
  amd_defaults.c
  amd_info.c
  amd_order.c
D:\OxfordSolver\osqp\lin_sys\direct\qdldl\amd\src\amd_order.c(47,17): warning C4244: '=': conversion from '__int64' to 'c_float', possible loss of data
D:\OxfordSolver\osqp\lin_sys\direct\qdldl\amd\src\amd_order.c(66,18): warning C4244: '=': conversion from '__int64' to 'c_float', possible loss of data
D:\OxfordSolver\osqp\lin_sys\direct\qdldl\amd\src\amd_order.c(197,35): warning C4244: '=': conversion from '__int64' to 'c_float', possible loss of data
  amd_post_tree.c
  amd_postorder.c
  amd_preprocess.c
  amd_valid.c
  SuiteSparse_config.c
  qdldl_interface.c
  Generating Code...
  linsys_qdldl.vcxproj -> D:\Nuevo_Build_OSQP\lin_sys\direct\qdldl\linsys_qdldl.dir\Debug\linsys_qdldl.lib
